Past
Past-
Past -
past
past-
past -
Pre
Pre-
Pre -
pre
pre-
pre -
mid
mid-
mid -
Mid
Mid-
Mid -
Early
Early-
Early -
early
early-
early -
Earlier
Earlier-
Earlier -
earlier
earlier-
earlier -
Later
Later-
Later -
later
later-
later -
Late
Late-
Late -
late
late-
late -
Middle
Middle-
Middle -
middle
middle-
middle -
post
post-
post -
Post
Post-
Post -
latter half
earlier half
first half
second half
first quarter
second quarter
third quarter
fourth quarter
earlier quarter
later quarter
latter half of the
earlier half of the
first half of the
second half of the
first half
second half
midearly
mid-early
mid- early
mid -early
mid - early
midlate
mid-late
mid- late
mid -late
mid - late
