ArcheoComplexTypes@skosConceptURI=http://www.rnaproject.org/data/c47470f7-0321-4479-9bb2-757c3fa4fb22
Niet van toepassing@skosConceptURI=http://www.rnaproject.org/data/f256b65e-0ac8-43f6-9eda-cf1d45e3f72c@broaderConcept=ArcheoComplexTypes@broaderConceptURI=http://www.rnaproject.org/data/c47470f7-0321-4479-9bb2-757c3fa4fb22
Akker/tuin@skosConceptURI=http://www.rnaproject.org/data/f3875055-f139-4835-9f5a-22f9d43e4f9d@broaderConcept=ArcheoComplexTypes@broaderConceptURI=http://www.rnaproject.org/data/c47470f7-0321-4479-9bb2-757c3fa4fb22
Basiskamp/-nederzetting@skosConceptURI=http://www.rnaproject.org/data/7ab6ce7a-8f67-443f-9c90-b163d81d5cbc@broaderConcept=ArcheoComplexTypes@broaderConceptURI=http://www.rnaproject.org/data/c47470f7-0321-4479-9bb2-757c3fa4fb22
Beenbewerking@skosConceptURI=http://www.rnaproject.org/data/cdd06a0c-9f49-4bcb-ae0f-89114b486878@broaderConcept=ArcheoComplexTypes@broaderConceptURI=http://www.rnaproject.org/data/c47470f7-0321-4479-9bb2-757c3fa4fb22
Borg/stins/versterkt huis@skosConceptURI=http://www.rnaproject.org/data/058a5abe-f6de-4c3a-a05e-8f9b2e997b3c@broaderConcept=ArcheoComplexTypes@broaderConceptURI=http://www.rnaproject.org/data/c47470f7-0321-4479-9bb2-757c3fa4fb22
Brouwerij@skosConceptURI=http://www.rnaproject.org/data/e3dcc4a3-0e2b-43ae-9990-f6629c3b1535@broaderConcept=ArcheoComplexTypes@broaderConceptURI=http://www.rnaproject.org/data/c47470f7-0321-4479-9bb2-757c3fa4fb22
Brug@skosConceptURI=http://www.rnaproject.org/data/60077521-9d24-4521-97b8-d7d908a1f94d@broaderConcept=ArcheoComplexTypes@broaderConceptURI=http://www.rnaproject.org/data/c47470f7-0321-4479-9bb2-757c3fa4fb22
Celtic field/raatakker@skosConceptURI=http://www.rnaproject.org/data/a44460a9-8252-41a5-9d3e-380c86757c9a@broaderConcept=ArcheoComplexTypes@broaderConceptURI=http://www.rnaproject.org/data/c47470f7-0321-4479-9bb2-757c3fa4fb22
Crematiegraf@skosConceptURI=http://www.rnaproject.org/data/23f38c08-4c62-40f7-a3d8-085bb5f1ed95@broaderConcept=ArcheoComplexTypes@broaderConceptURI=http://www.rnaproject.org/data/c47470f7-0321-4479-9bb2-757c3fa4fb22
Cultusplaats/heiligdom/tempel@skosConceptURI=http://www.rnaproject.org/data/92b5cb57-ca49-473c-bee7-ea2afb9e0638@broaderConcept=ArcheoComplexTypes@broaderConceptURI=http://www.rnaproject.org/data/c47470f7-0321-4479-9bb2-757c3fa4fb22
Dam@skosConceptURI=http://www.rnaproject.org/data/fb17334e-1488-471b-aaff-74cd21740318@broaderConcept=ArcheoComplexTypes@broaderConceptURI=http://www.rnaproject.org/data/c47470f7-0321-4479-9bb2-757c3fa4fb22
Depot@skosConceptURI=http://www.rnaproject.org/data/b97ef902-059a-4c14-b925-273c74bace30@broaderConcept=ArcheoComplexTypes@broaderConceptURI=http://www.rnaproject.org/data/c47470f7-0321-4479-9bb2-757c3fa4fb22
Dierengraf@skosConceptURI=http://www.rnaproject.org/data/df2a0682-0392-40ca-a396-4b5edf8d52a8@broaderConcept=ArcheoComplexTypes@broaderConceptURI=http://www.rnaproject.org/data/c47470f7-0321-4479-9bb2-757c3fa4fb22
Dijk@skosConceptURI=http://www.rnaproject.org/data/366d9166-992c-412a-ade4-c3e906aa4268@broaderConcept=ArcheoComplexTypes@broaderConceptURI=http://www.rnaproject.org/data/c47470f7-0321-4479-9bb2-757c3fa4fb22
Drenkplaats/dobbe@skosConceptURI=http://www.rnaproject.org/data/8e3e1f10-5b97-44fb-8d68-6ec474864c9f@broaderConcept=ArcheoComplexTypes@broaderConceptURI=http://www.rnaproject.org/data/c47470f7-0321-4479-9bb2-757c3fa4fb22
Duiker@skosConceptURI=http://www.rnaproject.org/data/570880fb-b263-480d-956a-ad3836e37566@broaderConcept=ArcheoComplexTypes@broaderConceptURI=http://www.rnaproject.org/data/c47470f7-0321-4479-9bb2-757c3fa4fb22
Economie, onbepaald@skosConceptURI=http://www.rnaproject.org/data/a5b002d1-533c-4322-b176-1816a8a5e042@broaderConcept=ArcheoComplexTypes@broaderConceptURI=http://www.rnaproject.org/data/c47470f7-0321-4479-9bb2-757c3fa4fb22
Eendenkooi@skosConceptURI=http://www.rnaproject.org/data/e4e24f1a-6148-4ad6-935a-b8bfa5d3b468@broaderConcept=ArcheoComplexTypes@broaderConceptURI=http://www.rnaproject.org/data/c47470f7-0321-4479-9bb2-757c3fa4fb22
Extractiekamp/-nederzetting@skosConceptURI=http://www.rnaproject.org/data/38431ccd-cedd-46f3-ba08-dae230e7344e@broaderConcept=ArcheoComplexTypes@broaderConceptURI=http://www.rnaproject.org/data/c47470f7-0321-4479-9bb2-757c3fa4fb22
Gemaal@skosConceptURI=http://www.rnaproject.org/data/05641fb4-94ae-4248-afdf-a284b4f57824@broaderConcept=ArcheoComplexTypes@broaderConceptURI=http://www.rnaproject.org/data/c47470f7-0321-4479-9bb2-757c3fa4fb22
Glasblazerij@skosConceptURI=http://www.rnaproject.org/data/f1c534f7-48bf-4a35-9076-adef3287197a@broaderConcept=ArcheoComplexTypes@broaderConceptURI=http://www.rnaproject.org/data/c47470f7-0321-4479-9bb2-757c3fa4fb22
Graf, onbepaald@skosConceptURI=http://www.rnaproject.org/data/557ed9d6-ca6d-4dc4-acd3-42f454085722@broaderConcept=ArcheoComplexTypes@broaderConceptURI=http://www.rnaproject.org/data/c47470f7-0321-4479-9bb2-757c3fa4fb22
Grafheuvel, crematie@skosConceptURI=http://www.rnaproject.org/data/fbd0bd66-9837-4f6d-a53a-53d08458de11@broaderConcept=ArcheoComplexTypes@broaderConceptURI=http://www.rnaproject.org/data/c47470f7-0321-4479-9bb2-757c3fa4fb22
Grafheuvel, gemengd@skosConceptURI=http://www.rnaproject.org/data/777bb1e2-fe55-4f65-850a-8d4708839074@broaderConcept=ArcheoComplexTypes@broaderConceptURI=http://www.rnaproject.org/data/c47470f7-0321-4479-9bb2-757c3fa4fb22
Grafheuvel, inhumatie@skosConceptURI=http://www.rnaproject.org/data/9970aa8b-73ae-493a-a950-895e510fc03b@broaderConcept=ArcheoComplexTypes@broaderConceptURI=http://www.rnaproject.org/data/c47470f7-0321-4479-9bb2-757c3fa4fb22
Grafheuvel, onbepaald@skosConceptURI=http://www.rnaproject.org/data/1b9d280a-7023-4ad9-8281-110b171c1007@broaderConcept=ArcheoComplexTypes@broaderConceptURI=http://www.rnaproject.org/data/c47470f7-0321-4479-9bb2-757c3fa4fb22
Grafveld, crematies@skosConceptURI=http://www.rnaproject.org/data/e97803f6-8477-493b-ad7a-e8e1865a033d@broaderConcept=ArcheoComplexTypes@broaderConceptURI=http://www.rnaproject.org/data/c47470f7-0321-4479-9bb2-757c3fa4fb22
Grafveld, gemengd@skosConceptURI=http://www.rnaproject.org/data/2a35dccc-a050-4ec4-9912-3bdb9c63548a@broaderConcept=ArcheoComplexTypes@broaderConceptURI=http://www.rnaproject.org/data/c47470f7-0321-4479-9bb2-757c3fa4fb22
Grafveld, inhumaties@skosConceptURI=http://www.rnaproject.org/data/01f4f3f4-e33a-413a-9734-1e3f411981af@broaderConcept=ArcheoComplexTypes@broaderConceptURI=http://www.rnaproject.org/data/c47470f7-0321-4479-9bb2-757c3fa4fb22
Grafveld, onbepaald@skosConceptURI=http://www.rnaproject.org/data/4af9d348-ee15-4eec-95c8-150eef6919b8@broaderConcept=ArcheoComplexTypes@broaderConceptURI=http://www.rnaproject.org/data/c47470f7-0321-4479-9bb2-757c3fa4fb22
Grondstofwinning@skosConceptURI=http://www.rnaproject.org/data/db8e148a-9cf6-4ea8-8ab3-0a9950417dc5@broaderConcept=ArcheoComplexTypes@broaderConceptURI=http://www.rnaproject.org/data/c47470f7-0321-4479-9bb2-757c3fa4fb22
Haven@skosConceptURI=http://www.rnaproject.org/data/86378d1e-d61e-46e2-a98d-706bcfa2a49b@broaderConcept=ArcheoComplexTypes@broaderConceptURI=http://www.rnaproject.org/data/c47470f7-0321-4479-9bb2-757c3fa4fb22
Havezathe/ridderhofstad@skosConceptURI=http://www.rnaproject.org/data/4e7951e6-4713-4fe4-b08d-d81c743aac2d@broaderConcept=ArcheoComplexTypes@broaderConceptURI=http://www.rnaproject.org/data/c47470f7-0321-4479-9bb2-757c3fa4fb22
Houtbewerking@skosConceptURI=http://www.rnaproject.org/data/74e446c9-fbc8-4695-9f34-655f483ae65a@broaderConcept=ArcheoComplexTypes@broaderConceptURI=http://www.rnaproject.org/data/c47470f7-0321-4479-9bb2-757c3fa4fb22
Houtskool-/kolenbranderij@skosConceptURI=http://www.rnaproject.org/data/2aecb1f3-7f14-4e12-8bfb-d4ba9147851c@broaderConcept=ArcheoComplexTypes@broaderConceptURI=http://www.rnaproject.org/data/c47470f7-0321-4479-9bb2-757c3fa4fb22
Huisplaats, onverhoogd@skosConceptURI=http://www.rnaproject.org/data/a94a7fff-8d3d-495f-9b56-713179ff6a4a@broaderConcept=ArcheoComplexTypes@broaderConceptURI=http://www.rnaproject.org/data/c47470f7-0321-4479-9bb2-757c3fa4fb22
Huisterp@skosConceptURI=http://www.rnaproject.org/data/64fea0bf-f62f-4093-a327-5c10191472c4@broaderConcept=ArcheoComplexTypes@broaderConceptURI=http://www.rnaproject.org/data/c47470f7-0321-4479-9bb2-757c3fa4fb22
IJzerwinning@skosConceptURI=http://www.rnaproject.org/data/1c68a564-e260-42fc-a7b3-8c760685cd13@broaderConcept=ArcheoComplexTypes@broaderConceptURI=http://www.rnaproject.org/data/c47470f7-0321-4479-9bb2-757c3fa4fb22
Industrie/nijverheid@skosConceptURI=http://www.rnaproject.org/data/dccb4e11-44da-443c-939d-ef149a54d9b7@broaderConcept=ArcheoComplexTypes@broaderConceptURI=http://www.rnaproject.org/data/c47470f7-0321-4479-9bb2-757c3fa4fb22
Infrastructuur, onbepaald@skosConceptURI=http://www.rnaproject.org/data/f53cb4cc-f7e4-47ea-be30-9d0acc14542a@broaderConcept=ArcheoComplexTypes@broaderConceptURI=http://www.rnaproject.org/data/c47470f7-0321-4479-9bb2-757c3fa4fb22
Inhumatiegraf@skosConceptURI=http://www.rnaproject.org/data/876e0fe7-abe9-4022-9626-daa2f7444153@broaderConcept=ArcheoComplexTypes@broaderConceptURI=http://www.rnaproject.org/data/c47470f7-0321-4479-9bb2-757c3fa4fb22
Kalkbranderij@skosConceptURI=http://www.rnaproject.org/data/97d59086-ff33-4e2d-9749-92f3a52f7b47@broaderConcept=ArcheoComplexTypes@broaderConceptURI=http://www.rnaproject.org/data/c47470f7-0321-4479-9bb2-757c3fa4fb22
Kampdorp@skosConceptURI=http://www.rnaproject.org/data/13f4c9a5-96dd-43b2-a06b-efa2d49fdc87@broaderConcept=ArcheoComplexTypes@broaderConceptURI=http://www.rnaproject.org/data/c47470f7-0321-4479-9bb2-757c3fa4fb22
Kanaal@skosConceptURI=http://www.rnaproject.org/data/70686979-86ad-4ce6-acac-ef9fcfe33073@broaderConcept=ArcheoComplexTypes@broaderConceptURI=http://www.rnaproject.org/data/c47470f7-0321-4479-9bb2-757c3fa4fb22
Kapel@skosConceptURI=http://www.rnaproject.org/data/678d5ce1-010c-41f1-b7f0-e83492d6e249@broaderConcept=ArcheoComplexTypes@broaderConceptURI=http://www.rnaproject.org/data/c47470f7-0321-4479-9bb2-757c3fa4fb22
Kasteel@skosConceptURI=http://www.rnaproject.org/data/f16ee988-133a-4ddd-9068-24985d4dfba4@broaderConcept=ArcheoComplexTypes@broaderConceptURI=http://www.rnaproject.org/data/c47470f7-0321-4479-9bb2-757c3fa4fb22
Kerk@skosConceptURI=http://www.rnaproject.org/data/2904916e-704c-415d-8724-fd1b97a8f7e7@broaderConcept=ArcheoComplexTypes@broaderConceptURI=http://www.rnaproject.org/data/c47470f7-0321-4479-9bb2-757c3fa4fb22
Kerkhof@skosConceptURI=http://www.rnaproject.org/data/8dec6ef7-dfad-45a3-8d79-b038b6029371@broaderConcept=ArcheoComplexTypes@broaderConceptURI=http://www.rnaproject.org/data/c47470f7-0321-4479-9bb2-757c3fa4fb22
Kleiwinning@skosConceptURI=http://www.rnaproject.org/data/42e305f6-631b-4ad8-8c53-a53005de7529@broaderConcept=ArcheoComplexTypes@broaderConceptURI=http://www.rnaproject.org/data/c47470f7-0321-4479-9bb2-757c3fa4fb22
Klooster(complex)@skosConceptURI=http://www.rnaproject.org/data/54f419f0-d185-4ea5-a188-57e25493a5e0@broaderConcept=ArcheoComplexTypes@broaderConceptURI=http://www.rnaproject.org/data/c47470f7-0321-4479-9bb2-757c3fa4fb22
Landbouw@skosConceptURI=http://www.rnaproject.org/data/033974e0-156d-4f6b-8c6b-65e3b4be5c47@broaderConcept=ArcheoComplexTypes@broaderConceptURI=http://www.rnaproject.org/data/c47470f7-0321-4479-9bb2-757c3fa4fb22
Landweer@skosConceptURI=http://www.rnaproject.org/data/99ed8c5b-9e5f-4311-8e37-3484edd6e24c@broaderConcept=ArcheoComplexTypes@broaderConceptURI=http://www.rnaproject.org/data/c47470f7-0321-4479-9bb2-757c3fa4fb22
Leerlooierij@skosConceptURI=http://www.rnaproject.org/data/44fff26c-c64c-489e-86d8-e89972b8aa40@broaderConcept=ArcheoComplexTypes@broaderConceptURI=http://www.rnaproject.org/data/c47470f7-0321-4479-9bb2-757c3fa4fb22
Legerplaats@skosConceptURI=http://www.rnaproject.org/data/cc4f029d-68cf-4437-bba7-980f85f62e69@broaderConcept=ArcheoComplexTypes@broaderConceptURI=http://www.rnaproject.org/data/c47470f7-0321-4479-9bb2-757c3fa4fb22
Megalietgraf@skosConceptURI=http://www.rnaproject.org/data/333d2fbc-6817-41e1-b9ce-7e6d756fd53b@broaderConcept=ArcheoComplexTypes@broaderConceptURI=http://www.rnaproject.org/data/c47470f7-0321-4479-9bb2-757c3fa4fb22
Mergel-/kalkwinning@skosConceptURI=http://www.rnaproject.org/data/35240121-7752-4567-a613-74bca32ff311@broaderConcept=ArcheoComplexTypes@broaderConceptURI=http://www.rnaproject.org/data/c47470f7-0321-4479-9bb2-757c3fa4fb22
Metaalbewerking/smederij@skosConceptURI=http://www.rnaproject.org/data/810768e0-0001-4bcb-91a5-20b25443e61a@broaderConcept=ArcheoComplexTypes@broaderConceptURI=http://www.rnaproject.org/data/c47470f7-0321-4479-9bb2-757c3fa4fb22
Moated site@skosConceptURI=http://www.rnaproject.org/data/b13ae2fb-0e25-4eb1-bb9f-b25b73cb3938@broaderConcept=ArcheoComplexTypes@broaderConceptURI=http://www.rnaproject.org/data/c47470f7-0321-4479-9bb2-757c3fa4fb22
Molen@skosConceptURI=http://www.rnaproject.org/data/d3241408-54b7-4b21-9f4f-12ad485e3ec0@broaderConcept=ArcheoComplexTypes@broaderConceptURI=http://www.rnaproject.org/data/c47470f7-0321-4479-9bb2-757c3fa4fb22
Motte/kasteelheuvel/vliedberg@skosConceptURI=http://www.rnaproject.org/data/05062c27-fe7a-4afa-837a-ae95ddf4dacc@broaderConcept=ArcheoComplexTypes@broaderConceptURI=http://www.rnaproject.org/data/c47470f7-0321-4479-9bb2-757c3fa4fb22
Nederzetting, onbepaald@skosConceptURI=http://www.rnaproject.org/data/85ae2aa0-caae-4745-aecb-6cc765a8782f@broaderConcept=ArcheoComplexTypes@broaderConceptURI=http://www.rnaproject.org/data/c47470f7-0321-4479-9bb2-757c3fa4fb22
Onbekend@skosConceptURI=http://www.rnaproject.org/data/39a61516-5ebd-43ad-9cde-98b5089c71ff@broaderConcept=ArcheoComplexTypes@broaderConceptURI=http://www.rnaproject.org/data/c47470f7-0321-4479-9bb2-757c3fa4fb22
Percelering/verkaveling@skosConceptURI=http://www.rnaproject.org/data/bace124f-c466-4953-8d67-1cfaca631aa8@broaderConcept=ArcheoComplexTypes@broaderConceptURI=http://www.rnaproject.org/data/c47470f7-0321-4479-9bb2-757c3fa4fb22
Pottenbakkerij@skosConceptURI=http://www.rnaproject.org/data/de8dc6bc-8f06-453c-ab8d-18586eb0ec5f@broaderConcept=ArcheoComplexTypes@broaderConceptURI=http://www.rnaproject.org/data/c47470f7-0321-4479-9bb2-757c3fa4fb22
Religie, onbepaald@skosConceptURI=http://www.rnaproject.org/data/4ffb1fd8-8c7b-4f55-8daa-b100c7e7fef9@broaderConcept=ArcheoComplexTypes@broaderConceptURI=http://www.rnaproject.org/data/c47470f7-0321-4479-9bb2-757c3fa4fb22
Rijengrafveld@skosConceptURI=http://www.rnaproject.org/data/a9fb73ea-979e-4c50-a5b1-f7106ec1aa73@broaderConcept=ArcheoComplexTypes@broaderConceptURI=http://www.rnaproject.org/data/c47470f7-0321-4479-9bb2-757c3fa4fb22
Romeins villa(complex)@skosConceptURI=http://www.rnaproject.org/data/1ff31102-f8af-480b-9b10-630ed6bfaccb@broaderConcept=ArcheoComplexTypes@broaderConceptURI=http://www.rnaproject.org/data/c47470f7-0321-4479-9bb2-757c3fa4fb22
Schans@skosConceptURI=http://www.rnaproject.org/data/f4a06fe5-c3d7-4800-ac1d-759dc46ae0a0@broaderConcept=ArcheoComplexTypes@broaderConceptURI=http://www.rnaproject.org/data/c47470f7-0321-4479-9bb2-757c3fa4fb22
Scheepvaart@skosConceptURI=http://www.rnaproject.org/data/bf9b0250-aa7f-4da8-b2c4-a577649d7870@broaderConcept=ArcheoComplexTypes@broaderConceptURI=http://www.rnaproject.org/data/c47470f7-0321-4479-9bb2-757c3fa4fb22
Sluis@skosConceptURI=http://www.rnaproject.org/data/f083fba5-671e-4b76-bb1f-b2fc51623ce3@broaderConcept=ArcheoComplexTypes@broaderConceptURI=http://www.rnaproject.org/data/c47470f7-0321-4479-9bb2-757c3fa4fb22
Smelterij@skosConceptURI=http://www.rnaproject.org/data/8dc4a810-8e1c-4e3c-8735-4635528272c2@broaderConcept=ArcheoComplexTypes@broaderConceptURI=http://www.rnaproject.org/data/c47470f7-0321-4479-9bb2-757c3fa4fb22
Stad@skosConceptURI=http://www.rnaproject.org/data/ac6a2702-d360-439c-b278-ca067390502c@broaderConcept=ArcheoComplexTypes@broaderConceptURI=http://www.rnaproject.org/data/c47470f7-0321-4479-9bb2-757c3fa4fb22
Steen-/pannenbakkerij@skosConceptURI=http://www.rnaproject.org/data/e3fb98d2-9c9a-4c1b-9cae-ccdae7063e5b@broaderConcept=ArcheoComplexTypes@broaderConceptURI=http://www.rnaproject.org/data/c47470f7-0321-4479-9bb2-757c3fa4fb22
Steiger@skosConceptURI=http://www.rnaproject.org/data/3fa0e953-710e-4e1a-847f-cc9b861f736f@broaderConcept=ArcheoComplexTypes@broaderConceptURI=http://www.rnaproject.org/data/c47470f7-0321-4479-9bb2-757c3fa4fb22
Terp/wierde@skosConceptURI=http://www.rnaproject.org/data/70707398-14d6-477a-acdb-bdca1d56d426@broaderConcept=ArcheoComplexTypes@broaderConceptURI=http://www.rnaproject.org/data/c47470f7-0321-4479-9bb2-757c3fa4fb22
Textielnijverheid@skosConceptURI=http://www.rnaproject.org/data/6d83b0c6-d379-4ba8-b822-8a7aa19edb63@broaderConcept=ArcheoComplexTypes@broaderConceptURI=http://www.rnaproject.org/data/c47470f7-0321-4479-9bb2-757c3fa4fb22
Urnenveld@skosConceptURI=http://www.rnaproject.org/data/7f623fa8-fad1-4178-8e2d-7dbd03eeaad2@broaderConcept=ArcheoComplexTypes@broaderConceptURI=http://www.rnaproject.org/data/c47470f7-0321-4479-9bb2-757c3fa4fb22
Veekraal/schaapskooi@skosConceptURI=http://www.rnaproject.org/data/e189c2bc-44f2-4af9-8bee-b05eaadcb774@broaderConcept=ArcheoComplexTypes@broaderConceptURI=http://www.rnaproject.org/data/c47470f7-0321-4479-9bb2-757c3fa4fb22
Veenweg/veenbrug@skosConceptURI=http://www.rnaproject.org/data/959701d7-413c-4581-b5fe-7bcba9dbc967@broaderConcept=ArcheoComplexTypes@broaderConceptURI=http://www.rnaproject.org/data/c47470f7-0321-4479-9bb2-757c3fa4fb22
Veenwinning@skosConceptURI=http://www.rnaproject.org/data/4d8012b9-0f95-43ba-9c36-76d86758a6bf@broaderConcept=ArcheoComplexTypes@broaderConceptURI=http://www.rnaproject.org/data/c47470f7-0321-4479-9bb2-757c3fa4fb22
Versterking, onbepaald@skosConceptURI=http://www.rnaproject.org/data/99af2299-a7c5-4167-9cce-bc9efb25f5b9@broaderConcept=ArcheoComplexTypes@broaderConceptURI=http://www.rnaproject.org/data/c47470f7-0321-4479-9bb2-757c3fa4fb22
Visserij@skosConceptURI=http://www.rnaproject.org/data/16c6f0cc-5d41-4fca-96ca-cfac46ca1754@broaderConcept=ArcheoComplexTypes@broaderConceptURI=http://www.rnaproject.org/data/c47470f7-0321-4479-9bb2-757c3fa4fb22
Vlakgraf, crematie@skosConceptURI=http://www.rnaproject.org/data/1b496321-17ed-4f52-841a-fa21aac9093f@broaderConcept=ArcheoComplexTypes@broaderConceptURI=http://www.rnaproject.org/data/c47470f7-0321-4479-9bb2-757c3fa4fb22
Vlakgraf, inhumatie@skosConceptURI=http://www.rnaproject.org/data/44e63215-8ce0-4682-a663-5b4fcbaa51d4@broaderConcept=ArcheoComplexTypes@broaderConceptURI=http://www.rnaproject.org/data/c47470f7-0321-4479-9bb2-757c3fa4fb22
Vlakgraf, onbepaald@skosConceptURI=http://www.rnaproject.org/data/8d6aedb6-3806-40f1-a805-faef60157069@broaderConcept=ArcheoComplexTypes@broaderConceptURI=http://www.rnaproject.org/data/c47470f7-0321-4479-9bb2-757c3fa4fb22
Vuursteenbewerking@skosConceptURI=http://www.rnaproject.org/data/f254bb6d-95ec-4e0d-ad54-ed6d09b5cc92@broaderConcept=ArcheoComplexTypes@broaderConceptURI=http://www.rnaproject.org/data/c47470f7-0321-4479-9bb2-757c3fa4fb22
Vuursteenwinning@skosConceptURI=http://www.rnaproject.org/data/a3a50eea-4b08-4e4a-913d-1f6a56ae755f@broaderConcept=ArcheoComplexTypes@broaderConceptURI=http://www.rnaproject.org/data/c47470f7-0321-4479-9bb2-757c3fa4fb22
Wachtpost@skosConceptURI=http://www.rnaproject.org/data/cfe4e909-9d6f-4125-a831-805f304b8ecd@broaderConcept=ArcheoComplexTypes@broaderConceptURI=http://www.rnaproject.org/data/c47470f7-0321-4479-9bb2-757c3fa4fb22
Wal/omwalling@skosConceptURI=http://www.rnaproject.org/data/cb67f68a-1a01-4f16-a995-f8a1eb708b2e@broaderConcept=ArcheoComplexTypes@broaderConceptURI=http://www.rnaproject.org/data/c47470f7-0321-4479-9bb2-757c3fa4fb22
Wal-/vluchtburcht@skosConceptURI=http://www.rnaproject.org/data/eb2ad681-41d1-4172-b8cf-62156b147ea2@broaderConcept=ArcheoComplexTypes@broaderConceptURI=http://www.rnaproject.org/data/c47470f7-0321-4479-9bb2-757c3fa4fb22
Waterburcht@skosConceptURI=http://www.rnaproject.org/data/61bf7838-56b1-4270-9648-4bb8d2e393d0@broaderConcept=ArcheoComplexTypes@broaderConceptURI=http://www.rnaproject.org/data/c47470f7-0321-4479-9bb2-757c3fa4fb22
Waterweg (natuurlijk)@skosConceptURI=http://www.rnaproject.org/data/f55d1bd5-8951-497a-aa8c-2dff13aa5ec2@broaderConcept=ArcheoComplexTypes@broaderConceptURI=http://www.rnaproject.org/data/c47470f7-0321-4479-9bb2-757c3fa4fb22
Weg@skosConceptURI=http://www.rnaproject.org/data/b24007fd-4888-4a47-a6e9-7313c3f376ba@broaderConcept=ArcheoComplexTypes@broaderConceptURI=http://www.rnaproject.org/data/c47470f7-0321-4479-9bb2-757c3fa4fb22
Wegdorp@skosConceptURI=http://www.rnaproject.org/data/ccc1242f-96db-441f-b56d-399700f4202f@broaderConcept=ArcheoComplexTypes@broaderConceptURI=http://www.rnaproject.org/data/c47470f7-0321-4479-9bb2-757c3fa4fb22
Zoutwinning/moernering@skosConceptURI=http://www.rnaproject.org/data/a1ea369d-dd92-45ab-9727-d79cb80a9160@broaderConcept=ArcheoComplexTypes@broaderConceptURI=http://www.rnaproject.org/data/c47470f7-0321-4479-9bb2-757c3fa4fb22
