år
År
alder
Alder
B.P.
BP
e.Kr.
e.v.t.
Efter Kristus
Efter vår tideräkning
Enligt vår tideräkning
evt
f.Kr.
f.v.t.
f.v.t.b
fvt
fvtb
Före Kristus
Före vår tideräkning
Medel
Medeltida
Sen
Sentida
v.t. 
vt
Yngre
Ålder
Äldre
år före nutid
b.p.
bp
e.kr.
e.v.t.
efter kristus
efter vår tideräkning
enligt vår tideräkning
evt
f.kr.
f.v.t.
f.v.t.b
fvt
fvtb
före kristus
före vår tideräkning
medel
medeltida
sen
sentida
v.t. 
vt
yngre
ålder
äldre
år före nutid
B.P.
BP
E.KR.
E.V.T.
EFTER KRISTUS
EFTER VÅR TIDERÄKNING
ENLIGT VÅR TIDERÄKNING
EVT
F.KR.
F.V.T.
F.V.T.B
FVT
FVTB
FÖRE KRISTUS
FÖRE VÅR TIDERÄKNING
MEDEL
MEDELTIDA
SEN
SENTIDA
V.T. 
VT
YNGRE
ÅLDER
ÄLDRE
ÅR FÖRE NUTID
