updatemethode
dendro
dendroanalyse
dendrochronologie
dendrochronologische
dendrochronologische analyse
dendrochronologische dating
dendrochonological analysendendrokronologiskt monster
dendrochronologie dating
gedateerd dendrokronologiskt
dendrokronologiskt artikelen
dendrokronologiskt monster
dendroproverna
jaarring
ringen
jaarringen
Updatemethode
Dendro
Dendroanalyse
Dendrochronologie
Dendrochronologische
Dendrochronologische Analyse
Dendrochronologische Dating
Dendrochronologie Dating
Gedateerd Dendrokronologiskt
Dendrokronologiskt Artikelen
Dendrokronologiskt Monster
Dendroproverna
Jaarring
Ringen
Jaarringen
kapdatum
veldatum
monster
houtmonster
hout
sapwood
eik
